#
# A fatal error has been detected by the Java Runtime Environment:
#
#  EXCEPTION_ACCESS_VIOLATION (0xc0000005) at pc=0x000000005b8a6f40, pid=14960, tid=0x0000000000003a9c
#
# JRE version: Java(TM) SE Runtime Environment (8.0_112-b15) (build 1.8.0_112-b15)
# Java VM: Java HotSpot(TM) 64-Bit Server VM (25.112-b15 mixed mode windows-amd64 compressed oops)
# Problematic frame:
# V  [jvm.dll+0x236f40]
#
# Failed to write core dump. Minidumps are not enabled by default on client versions of Windows
#
# If you would like to submit a bug report, please visit:
#   http://bugreport.java.com/bugreport/crash.jsp
#

---------------  T H R E A D  ---------------

Current thread (0x00000000002ef800):  JavaThread "main" [_thread_in_vm, id=15004, stack(0x0000000002760000,0x0000000002860000)]

siginfo: ExceptionCode=0xc0000005, writing address 0x000000000000003b

Registers:
RAX=0x000000000000003b, RBX=0x0000000008e419e8, RCX=0x000000005b8a6f09, RDX=0x000000000000001e
RSP=0x000000000285c220, RBP=0x000000000285c350, RSI=0x000000005b670000, RDI=0x0000000000000000
R8 =0x0000000000000052, R9 =0x0000000008e419e9, R10=0x0000000000000001, R11=0x0000000000000053
R12=0x0000000000000004, R13=0x000000000285d000, R14=0x00000000002ef800, R15=0x000000000285d120
RIP=0x000000005b8a6f40, EFLAGS=0x0000000000010246

Top of Stack: (sp=0x000000000285c220)
0x000000000285c220:   00000000002ee930 000000005b729a49
0x000000000285c230:   000000000285c628 00000000058d4227
0x000000000285c240:   0000000005a3b6f0 000000005b6f72f0
0x000000000285c250:   0000000002527d90 0000000000000003
0x000000000285c260:   00000000eb4c1a50 00000000eb4b4af8
0x000000000285c270:   00000000002ef800 0000000000000000
0x000000000285c280:   00000000058d4223 00000000ebf2dca8
0x000000000285c290:   0000000008ceb530 000000000285c318
0x000000000285c2a0:   0000000005a3b6f0 00000000002ef800
0x000000000285c2b0:   000000000285c318 000000000f018230
0x000000000285c2c0:   000000000f018230 00000000ebf24d00
0x000000000285c2d0:   00000000ebf2dca8 000000000285c2d8
0x000000000285c2e0:   00000000058d422d 000000000285c340
0x000000000285c2f0:   00000000058dbdc0 00000000058df538
0x000000000285c300:   00000000058d4280 00000000002ef800
0x000000000285c310:   00000000002ee930 00000000072bf7e0 

Instructions: (pc=0x000000005b8a6f40)
0x000000005b8a6f20:   74 ad 3c 5b 74 a9 48 ff c2 49 3b d0 7c e3 32 c0
0x000000005b8a6f30:   48 8b 5c 24 30 48 8b 74 24 38 48 83 c4 20 5f c3
0x000000005b8a6f40:   48 ff c2 48 83 fa ff 74 86 4c 03 d2 4d 3b d3 0f
0x000000005b8a6f50:   8c 4b ff ff ff 32 c0 48 8b 5c 24 30 48 8b 74 24 


Register to memory mapping:

RAX=0x000000000000003b is an unknown value
RBX=0x0000000008e419e8 is an unknown value
RCX=0x000000005b8a6f09 is an unknown value
RDX=0x000000000000001e is an unknown value
RSP=0x000000000285c220 is pointing into the stack for thread: 0x00000000002ef800
RBP=0x000000000285c350 is pointing into the stack for thread: 0x00000000002ef800
RSI=0x000000005b670000 is an unknown value
RDI=0x0000000000000000 is an unknown value
R8 =0x0000000000000052 is an unknown value
R9 =0x0000000008e419e9 is an unknown value
R10=0x0000000000000001 is an unknown value
R11=0x0000000000000053 is an unknown value
R12=0x0000000000000004 is an unknown value
R13=0x000000000285d000 is pointing into the stack for thread: 0x00000000002ef800
R14=0x00000000002ef800 is a thread
R15=0x000000000285d120 is pointing into the stack for thread: 0x00000000002ef800


Stack: [0x0000000002760000,0x0000000002860000],  sp=0x000000000285c220,  free space=1008k
Native frames: (J=compiled Java code, j=interpreted, Vv=VM code, C=native code)
V  [jvm.dll+0x236f40]
V  [jvm.dll+0x872f0]
V  [jvm.dll+0x8aee3]
V  [jvm.dll+0x8b070]
V  [jvm.dll+0x110597]
V  [jvm.dll+0x114fc7]
V  [jvm.dll+0x1154a5]
V  [jvm.dll+0xbb8fd]
C  0x000000000f044d31

Java frames: (J=compiled Java code, j=interpreted, Vv=VM code)
j  com.google.common.base.Joiner.useForNull(Ljava/lang/String;)Lcom/google/common/base/Joiner;+5
j  com.google.common.collect.Collections2.<clinit>()V+7
v  ~StubRoutines::call_stub
j  com.google.common.collect.Maps.<clinit>()V+0
v  ~StubRoutines::call_stub
j  com.google.inject.internal.Initializer.<init>()V+24
j  com.google.inject.internal.InternalInjectorCreator.<init>()V+31
j  com.google.inject.Guice.createInjector(Lcom/google/inject/Stage;Ljava/lang/Iterable;)Lcom/google/inject/Injector;+4
j  com.google.inject.Guice.createInjector(Ljava/lang/Iterable;)Lcom/google/inject/Injector;+4
j  com.google.inject.Guice.createInjector([Lcom/google/inject/Module;)Lcom/google/inject/Injector;+4
j  org.codehaus.plexus.DefaultPlexusContainer.addPlexusInjector(Ljava/util/List;[Lcom/google/inject/Module;)Lcom/google/inject/Injector;+88
j  org.codehaus.plexus.DefaultPlexusContainer.<init>(Lorg/codehaus/plexus/ContainerConfiguration;[Lcom/google/inject/Module;)V+397
j  org.apache.maven.cli.MavenCli.container(Lorg/apache/maven/cli/CliRequest;)Lorg/codehaus/plexus/PlexusContainer;+269
j  org.apache.maven.cli.MavenCli.doMain(Lorg/apache/maven/cli/CliRequest;)I+29
j  org.apache.maven.cli.MavenCli.main([Ljava/lang/String;Lorg/codehaus/plexus/classworlds/ClassWorld;)I+18
v  ~StubRoutines::call_stub
j  sun.reflect.NativeMethodAccessorImpl.invoke0(Ljava/lang/reflect/Method;Ljava/lang/Object;[Ljava/lang/Object;)Ljava/lang/Object;+0
j  sun.reflect.NativeMethodAccessorImpl.invoke(Ljava/lang/Object;[Ljava/lang/Object;)Ljava/lang/Object;+100
j  sun.reflect.DelegatingMethodAccessorImpl.invoke(Ljava/lang/Object;[Ljava/lang/Object;)Ljava/lang/Object;+6
j  java.lang.reflect.Method.invoke(Ljava/lang/Object;[Ljava/lang/Object;)Ljava/lang/Object;+56
j  org.codehaus.plexus.classworlds.launcher.Launcher.launchEnhanced([Ljava/lang/String;)V+45
j  org.codehaus.plexus.classworlds.launcher.Launcher.launch([Ljava/lang/String;)V+2
j  org.codehaus.plexus.classworlds.launcher.Launcher.mainWithExitCode([Ljava/lang/String;)I+101
j  org.codehaus.plexus.classworlds.launcher.Launcher.main([Ljava/lang/String;)V+1
v  ~StubRoutines::call_stub

---------------  P R O C E S S  ---------------

Java Threads: ( => current thread )
  0x000000000718e000 JavaThread "Service Thread" daemon [_thread_blocked, id=15092, stack(0x0000000008600000,0x0000000008700000)]
  0x00000000071ed000 JavaThread "C1 CompilerThread2" daemon [_thread_blocked, id=15084, stack(0x0000000008730000,0x0000000008830000)]
  0x0000000007192800 JavaThread "C2 CompilerThread1" daemon [_thread_blocked, id=3480, stack(0x00000000084c0000,0x00000000085c0000)]
  0x0000000007196800 JavaThread "C2 CompilerThread0" daemon [_thread_blocked, id=13896, stack(0x0000000008060000,0x0000000008160000)]
  0x000000000717a000 JavaThread "JDWP Command Reader" daemon [_thread_in_native, id=11348, stack(0x0000000008390000,0x0000000008490000)]
  0x0000000007179000 JavaThread "JDWP Event Helper Thread" daemon [_thread_blocked, id=10832, stack(0x00000000081d0000,0x00000000082d0000)]
  0x000000000716d800 JavaThread "JDWP Transport Listener: dt_socket" daemon [_thread_blocked, id=4720, stack(0x0000000007f20000,0x0000000008020000)]
  0x000000000715a800 JavaThread "Attach Listener" daemon [_thread_blocked, id=14844, stack(0x0000000007850000,0x0000000007950000)]
  0x0000000005ec0000 JavaThread "Signal Dispatcher" daemon [_thread_blocked, id=14624, stack(0x00000000076a0000,0x00000000077a0000)]
  0x0000000005eab000 JavaThread "Finalizer" daemon [_thread_blocked, id=14440, stack(0x0000000007050000,0x0000000007150000)]
  0x0000000005e64000 JavaThread "Reference Handler" daemon [_thread_blocked, id=14968, stack(0x0000000006ec0000,0x0000000006fc0000)]
=>0x00000000002ef800 JavaThread "main" [_thread_in_vm, id=15004, stack(0x0000000002760000,0x0000000002860000)]

Other Threads:
  0x0000000005e5c800 VMThread [stack: 0x0000000006db0000,0x0000000006eb0000] [id=13556]
  0x000000000724b800 WatcherThread [stack: 0x00000000088e0000,0x00000000089e0000] [id=15088]

VM state:not at safepoint (normal execution)

VM Mutex/Monitor currently owned by a thread: None

Heap:
 PSYoungGen      total 18944K, used 12611K [0x00000000eb300000, 0x00000000ec800000, 0x0000000100000000)
  eden space 16384K, 76% used [0x00000000eb300000,0x00000000ebf50e70,0x00000000ec300000)
  from space 2560K, 0% used [0x00000000ec580000,0x00000000ec580000,0x00000000ec800000)
  to   space 2560K, 0% used [0x00000000ec300000,0x00000000ec300000,0x00000000ec580000)
 ParOldGen       total 44032K, used 0K [0x00000000c1800000, 0x00000000c4300000, 0x00000000eb300000)
  object space 44032K, 0% used [0x00000000c1800000,0x00000000c1800000,0x00000000c4300000)
 Metaspace       used 6193K, capacity 6364K, committed 6400K, reserved 1056768K
  class space    used 706K, capacity 764K, committed 768K, reserved 1048576K

Card table byte_map: [0x0000000002c20000,0x0000000002e20000] byte_map_base: 0x0000000002614000

Marking Bits: (ParMarkBitMap*) 0x000000005be8a6d0
 Begin Bits: [0x0000000003390000, 0x0000000004330000)
 End Bits:   [0x0000000004330000, 0x00000000052d0000)

Polling page: 0x0000000000120000

CodeCache: size=245760Kb used=2165Kb max_used=2165Kb free=243594Kb
 bounds [0x000000000f010000, 0x000000000f280000, 0x000000001e010000]
 total_blobs=649 nmethods=375 adapters=195
 compilation: enabled

Compilation events (10 events):
Event: 0.910 Thread 0x00000000071ed000  370       3       java.security.CodeSource::equals (60 bytes)
Event: 0.910 Thread 0x00000000071ed000 nmethod 370 0x000000000f22a810 code [0x000000000f22a9c0, 0x000000000f22b198]
Event: 0.911 Thread 0x00000000071ed000  371       3       sun.net.www.protocol.file.Handler::hostsEqual (69 bytes)
Event: 0.911 Thread 0x00000000071ed000 nmethod 371 0x000000000f22b390 code [0x000000000f22b540, 0x000000000f22bc88]
Event: 0.912 Thread 0x00000000071ed000  372   !   3       sun.misc.URLClassPath$JarLoader::checkResource (55 bytes)
Event: 0.912 Thread 0x00000000071ed000 nmethod 372 0x000000000f22be50 code [0x000000000f22c000, 0x000000000f22c668]
Event: 0.912 Thread 0x00000000071ed000  373       3       org.codehaus.plexus.classworlds.realm.ClassRealm::findClass (9 bytes)
Event: 0.913 Thread 0x00000000071ed000 nmethod 373 0x000000000f22ca10 code [0x000000000f22cb80, 0x000000000f22cd88]
Event: 0.913 Thread 0x00000000071ed000  374       3       org.codehaus.plexus.classworlds.strategy.SelfFirstStrategy::loadClass (50 bytes)
Event: 0.913 Thread 0x00000000071ed000 nmethod 374 0x000000000f22ce50 code [0x000000000f22d040, 0x000000000f22d7f8]

GC Heap History (0 events):
No events

Deoptimization events (1 events):
Event: 0.902 Thread 0x00000000002ef800 Uncommon trap: reason=unstable_if action=reinterpret pc=0x000000000f19ab48 method=java.lang.String.indexOf([CII[CIII)I @ 3

Internal exceptions (6 events):
Event: 0.099 Thread 0x00000000002ef800 Exception <a 'java/lang/NoSuchMethodError': Method sun.misc.Unsafe.defineClass(Ljava/lang/String;[BII)Ljava/lang/Class; name or signature does not match> (0x00000000eb307c78) thrown at [C:\re\workspace\8-2-build-windows-amd64-cygwin\jdk8u112\7884\hotspot\
Event: 0.100 Thread 0x00000000002ef800 Exception <a 'java/lang/NoSuchMethodError': Method sun.misc.Unsafe.prefetchRead(Ljava/lang/Object;J)V name or signature does not match> (0x00000000eb307f60) thrown at [C:\re\workspace\8-2-build-windows-amd64-cygwin\jdk8u112\7884\hotspot\src\share\vm\prims
Event: 0.538 Thread 0x00000000002ef800 Exception <a 'java/security/PrivilegedActionException'> (0x00000000eb6d85d0) thrown at [C:\re\workspace\8-2-build-windows-amd64-cygwin\jdk8u112\7884\hotspot\src\share\vm\prims\jvm.cpp, line 1390]
Event: 0.538 Thread 0x00000000002ef800 Exception <a 'java/security/PrivilegedActionException'> (0x00000000eb6d89c8) thrown at [C:\re\workspace\8-2-build-windows-amd64-cygwin\jdk8u112\7884\hotspot\src\share\vm\prims\jvm.cpp, line 1390]
Event: 0.539 Thread 0x00000000002ef800 Exception <a 'java/security/PrivilegedActionException'> (0x00000000eb6dc760) thrown at [C:\re\workspace\8-2-build-windows-amd64-cygwin\jdk8u112\7884\hotspot\src\share\vm\prims\jvm.cpp, line 1390]
Event: 0.539 Thread 0x00000000002ef800 Exception <a 'java/security/PrivilegedActionException'> (0x00000000eb6dcb58) thrown at [C:\re\workspace\8-2-build-windows-amd64-cygwin\jdk8u112\7884\hotspot\src\share\vm\prims\jvm.cpp, line 1390]

Events (10 events):
Event: 0.930 Thread 0x00000000002ef800 DEOPT PACKING pc=0x000000000f1c30b1 sp=0x000000000285b2b0
Event: 0.930 Thread 0x00000000002ef800 DEOPT UNPACKING pc=0x000000000f05787f sp=0x000000000285b010 mode 1
Event: 0.930 Thread 0x00000000002ef800 DEOPT PACKING pc=0x000000000f1cfb0c sp=0x000000000285b400
Event: 0.930 Thread 0x00000000002ef800 DEOPT UNPACKING pc=0x000000000f05787f sp=0x000000000285b178 mode 1
Event: 0.930 Thread 0x00000000002ef800 DEOPT PACKING pc=0x000000000f16837c sp=0x000000000285b4b0
Event: 0.930 Thread 0x00000000002ef800 DEOPT UNPACKING pc=0x000000000f05787f sp=0x000000000285b2c0 mode 1
Event: 0.930 Thread 0x00000000002ef800 DEOPT PACKING pc=0x000000000f22cc61 sp=0x000000000285b510
Event: 0.930 Thread 0x00000000002ef800 DEOPT UNPACKING pc=0x000000000f05787f sp=0x000000000285b250 mode 1
Event: 0.930 Thread 0x00000000002ef800 DEOPT PACKING pc=0x000000000f1f13f4 sp=0x000000000285b630
Event: 0.930 Thread 0x00000000002ef800 DEOPT UNPACKING pc=0x000000000f05787f sp=0x000000000285b2c8 mode 1


Dynamic libraries:
0x000000013f070000 - 0x000000013f0a7000 	D:\Myeclipse\binary\com.sun.java.jdk8.win32.x86_64_1.8.0.v112\bin\javaw.exe
0x0000000077890000 - 0x0000000077a2f000 	C:\Windows\SYSTEM32\ntdll.dll
0x0000000077770000 - 0x000000007788f000 	C:\Windows\system32\kernel32.dll
0x000007fefd590000 - 0x000007fefd5fa000 	C:\Windows\system32\KERNELBASE.dll
0x000007fefe010000 - 0x000007fefe0eb000 	C:\Windows\system32\ADVAPI32.dll
0x000007fefdaf0000 - 0x000007fefdb8f000 	C:\Windows\system32\msvcrt.dll
0x000007fefd9c0000 - 0x000007fefd9df000 	C:\Windows\SYSTEM32\sechost.dll
0x000007fefe3c0000 - 0x000007fefe4ed000 	C:\Windows\system32\RPCRT4.dll
0x0000000077670000 - 0x000000007776a000 	C:\Windows\system32\USER32.dll
0x000007fefda80000 - 0x000007fefdae7000 	C:\Windows\system32\GDI32.dll
0x000007feff9e0000 - 0x000007feff9ee000 	C:\Windows\system32\LPK.dll
0x000007fefdf40000 - 0x000007fefe00b000 	C:\Windows\system32\USP10.dll
0x000007fefba60000 - 0x000007fefbc54000 	C:\Windows\WinSxS\amd64_microsoft.windows.common-controls_6595b64144ccf1df_6.0.7601.18837_none_fa3b1e3d17594757\COMCTL32.dll
0x000007fefdec0000 - 0x000007fefdf31000 	C:\Windows\system32\SHLWAPI.dll
0x000007fefe6d0000 - 0x000007fefe6fe000 	C:\Windows\system32\IMM32.DLL
0x000007feff9f0000 - 0x000007feffaf9000 	C:\Windows\system32\MSCTF.dll
0x000007fefd490000 - 0x000007fefd4c1000 	C:\Windows\system32\nvinitx.dll
0x000000000f000000 - 0x000000000f006000 	C:\Program Files\NVIDIA Corporation\CoProcManager\_etoured.dll
0x000007fef9c20000 - 0x000007fef9c7f000 	C:\Program Files\NVIDIA Corporation\CoProcManager\nvd3d9wrapx.dll
0x000007fefe4f0000 - 0x000007fefe6c7000 	C:\Windows\system32\SETUPAPI.dll
0x000007fefd7f0000 - 0x000007fefd826000 	C:\Windows\system32\CFGMGR32.dll
0x000007feff770000 - 0x000007feff84a000 	C:\Windows\system32\OLEAUT32.dll
0x000007feff4e0000 - 0x000007feff6dd000 	C:\Windows\system32\ole32.dll
0x000007fefd7b0000 - 0x000007fefd7ca000 	C:\Windows\system32\DEVOBJ.dll
0x000007fef9bc0000 - 0x000007fef9c06000 	C:\Program Files\NVIDIA Corporation\CoProcManager\nvdxgiwrapx.dll
0x000000006db90000 - 0x000000006dc62000 	D:\Myeclipse\binary\com.sun.java.jdk8.win32.x86_64_1.8.0.v112\jre\bin\msvcr100.dll
0x000000005b670000 - 0x000000005bf0a000 	D:\Myeclipse\binary\com.sun.java.jdk8.win32.x86_64_1.8.0.v112\jre\bin\server\jvm.dll
0x000007fef71f0000 - 0x000007fef71f9000 	C:\Windows\system32\WSOCK32.dll
0x000007fefe700000 - 0x000007fefe74d000 	C:\Windows\system32\WS2_32.dll
0x000007feff6e0000 - 0x000007feff6e8000 	C:\Windows\system32\NSI.dll
0x000007fefb4f0000 - 0x000007fefb52b000 	C:\Windows\system32\WINMM.dll
0x000007fefc5e0000 - 0x000007fefc5ec000 	C:\Windows\system32\VERSION.dll
0x0000000077a30000 - 0x0000000077a37000 	C:\Windows\system32\PSAPI.DLL
0x0000000071bf0000 - 0x0000000071bff000 	D:\Myeclipse\binary\com.sun.java.jdk8.win32.x86_64_1.8.0.v112\jre\bin\verify.dll
0x000000006dfa0000 - 0x000000006dfc9000 	D:\Myeclipse\binary\com.sun.java.jdk8.win32.x86_64_1.8.0.v112\jre\bin\java.dll
0x000000006df60000 - 0x000000006df95000 	D:\Myeclipse\binary\com.sun.java.jdk8.win32.x86_64_1.8.0.v112\jre\bin\jdwp.dll
0x000000006f5e0000 - 0x000000006f5e8000 	D:\Myeclipse\binary\com.sun.java.jdk8.win32.x86_64_1.8.0.v112\jre\bin\npt.dll
0x000000006df40000 - 0x000000006df56000 	D:\Myeclipse\binary\com.sun.java.jdk8.win32.x86_64_1.8.0.v112\jre\bin\zip.dll
0x000007fefe750000 - 0x000007feff4db000 	C:\Windows\system32\SHELL32.dll
0x000007fefd570000 - 0x000007fefd57f000 	C:\Windows\system32\profapi.dll
0x000000006f530000 - 0x000000006f539000 	D:\Myeclipse\binary\com.sun.java.jdk8.win32.x86_64_1.8.0.v112\jre\bin\dt_socket.dll
0x000007fefba20000 - 0x000007fefba35000 	C:\Windows\system32\NLAapi.dll
0x000007fef83f0000 - 0x000007fef8405000 	C:\Windows\system32\napinsp.dll
0x000007fef83d0000 - 0x000007fef83e9000 	C:\Windows\system32\pnrpnsp.dll
0x000007fefccf0000 - 0x000007fefcd45000 	C:\Windows\System32\mswsock.dll
0x000007fefcb70000 - 0x000007fefcbcb000 	C:\Windows\system32\DNSAPI.dll
0x000007fef83c0000 - 0x000007fef83cb000 	C:\Windows\System32\winrnr.dll
0x000007fef8390000 - 0x000007fef83a0000 	C:\Windows\system32\wshbth.dll
0x000007fefb000000 - 0x000007fefb027000 	C:\Windows\system32\IPHLPAPI.DLL
0x000007fefaff0000 - 0x000007fefaffb000 	C:\Windows\system32\WINNSI.DLL
0x000007fefaea0000 - 0x000007fefaef3000 	C:\Windows\System32\fwpuclnt.dll
0x000007fef7200000 - 0x000007fef7208000 	C:\Windows\system32\rasadhlp.dll
0x000007fefc6b0000 - 0x000007fefc6b7000 	C:\Windows\System32\wshtcpip.dll
0x000007fef8510000 - 0x000007fef8635000 	C:\Windows\system32\dbghelp.dll

VM Arguments:
jvm_args: -agentlib:jdwp=transport=dt_socket,suspend=y,address=localhost:56766 -Dmaven.home=EMBEDDED -Dclassworlds.conf=D:\MyCode\.metadata\.plugins\org.eclipse.m2e.launching\launches\m2conf6847955892683611441.tmp -Dmaven.multiModuleProjectDirectory=D:\MyCode\MeiTuan-manager\MeiTuan-manager-web -Dfile.encoding=GBK 
java_command: org.codehaus.plexus.classworlds.launcher.Launcher -B -gs D:\maven\apache-maven-3.5.3\conf\settings.xml -s C:\Users\SZ\.m2\settings.xml clean tomcat7:run
java_class_path (initial): /D:/Myeclipse/plugins/org.eclipse.m2e.maven.runtime_1.7.0.20160603-1931/jars/plexus-classworlds-2.5.2.jar
Launcher Type: SUN_STANDARD

Environment Variables:
JAVA_HOME=D:\Java\jdk1.8.0_121
CLASSPATH=.;D:\Java\jdk1.8.0_121\lib;D:\Java\jdk1.8.0_121\lib\dt.jar;D:\Java\jdk1.8.0_121\lib\tools.jar
PATH=D:\Myeclipse\binary\com.sun.java.jdk8.win32.x86_64_1.8.0.v112\jre\bin;D:\Java\jdk1.8.0_121\bin;D:\Java\jdk1.8.0_121\jre\bin;D:\maven\apache-maven-3.5.3\bin;C:\Windows\system32;C:\Windows;C:\Windows\System32\Wbem;C:\Windows\System32\WindowsPowerShell\v1.0\;C:\Program Files (x86)\Microsoft SQL Server\100\Tools\Binn\;C:\Program Files\Microsoft SQL Server\100\Tools\Binn\;C:\Program Files\Microsoft SQL Server\100\DTS\Binn\;C:\Program Files (x86)\Microsoft SQL Server\100\Tools\Binn\VSShell\Common7\IDE\;C:\Program Files (x86)\Microsoft Visual Studio 9.0\Common7\IDE\PrivateAssemblies\;C:\Program Files (x86)\Microsoft SQL Server\100\DTS\Binn\;D:\MySQL\MySQL Server 5.5\bin;D:\VisualSvn\bin;E:\ToitoiseSvn\bin
USERNAME=SZ
OS=Windows_NT
PROCESSOR_IDENTIFIER=Intel64 Family 6 Model 61 Stepping 4, GenuineIntel



---------------  S Y S T E M  ---------------

OS: Windows 7 , 64 bit Build 7601 (6.1.7601.24150)

CPU:total 4 (2 cores per cpu, 2 threads per core) family 6 model 61 stepping 4, cmov, cx8, fxsr, mmx, sse, sse2, sse3, ssse3, sse4.1, sse4.2, popcnt, avx, avx2, aes, clmul, erms, 3dnowpref, lzcnt, ht, tsc, tscinvbit, bmi1, bmi2, adx

Memory: 4k page, physical 4091596k(1344292k free), swap 8181316k(3787628k free)

vm_info: Java HotSpot(TM) 64-Bit Server VM (25.112-b15) for windows-amd64 JRE (1.8.0_112-b15), built on Sep 22 2016 21:31:56 by "java_re" with MS VC++ 10.0 (VS2010)

time: Sat Jun 23 02:37:14 2018
elapsed time: 0 seconds (0d 0h 0m 0s)

